Build started 11/14/2015 6:31:25 PM.
     1>Project "C:\Users\popcorn\documents\visual studio 2010\Projects\Inject\Inject\Inject.vcxproj" on node 2 (build target(s)).
     1>InitializeBuildStatus:
         Creating "Debug\Inject.unsuccessfulbuild" because "AlwaysCreate" was specified.
       ClCompile:
         C:\Program Files (x86)\Microsoft Visual Studio 10.0\VC\bin\CL.exe /c /ZI /nologo /W3 /WX- /Od /Oy- /D WIN32 /D _DEBUG /D _WINDOWS /D _UNICODE /D UNICODE /Gm /EHsc /RTC1 /MDd /GS /fp:precise /Zc:wchar_t /Zc:forScope /Fo"Debug\\" /Fd"Debug\vc100.pdb" /Gd /TP /analyze- /errorReport:prompt main.cpp
         main.cpp
     1>c:\users\popcorn\documents\visual studio 2010\projects\inject\inject\main.cpp(6): warning C4005: 'assert' : macro redefinition
                 c:\users\popcorn\documents\visual studio 2010\projects\inject\inject\memory.h(4) : see previous definition of 'assert'
     1>c:\users\popcorn\documents\visual studio 2010\projects\inject\inject\main.cpp(190): warning C4996: 'wcstombs': This function or variable may be unsafe. Consider using wcstombs_s instead. To disable deprecation, use _CRT_SECURE_NO_WARNINGS. See online help for details.
                 c:\program files (x86)\microsoft visual studio 10.0\vc\include\stdlib.h(533) : see declaration of 'wcstombs'
     1>c:\users\popcorn\documents\visual studio 2010\projects\inject\inject\main.cpp(203): warning C4996: 'itoa': The POSIX name for this item is deprecated. Instead, use the ISO C++ conformant name: _itoa. See online help for details.
                 c:\program files (x86)\microsoft visual studio 10.0\vc\include\stdlib.h(867) : see declaration of 'itoa'
     1>c:\users\popcorn\documents\visual studio 2010\projects\inject\inject\main.cpp(22): warning C4700: uninitialized local variable 'i' used
     1>c:\users\popcorn\documents\visual studio 2010\projects\inject\inject\main.cpp(114): warning C4700: uninitialized local variable 'i' used
     1>c:\users\popcorn\documents\visual studio 2010\projects\inject\inject\main.cpp(149): warning C4700: uninitialized local variable 'i' used
     1>c:\users\popcorn\documents\visual studio 2010\projects\inject\inject\main.cpp(153): warning C4700: uninitialized local variable 'i' used
     1>c:\users\popcorn\documents\visual studio 2010\projects\inject\inject\main.cpp(168): warning C4700: uninitialized local variable 'i' used
     1>c:\users\popcorn\documents\visual studio 2010\projects\inject\inject\main.cpp(174): warning C4700: uninitialized local variable 'i' used
       ResourceCompile:
         All outputs are up-to-date.
       ManifestResourceCompile:
         All outputs are up-to-date.
       Link:
         C:\Program Files (x86)\Microsoft Visual Studio 10.0\VC\bin\link.exe /ERRORREPORT:PROMPT /OUT:"C:\Users\popcorn\documents\visual studio 2010\Projects\inject\Debug\Inject.exe" /INCREMENTAL /NOLOGO kernel32.lib user32.lib gdi32.lib winspool.lib comdlg32.lib advapi32.lib shell32.lib ole32.lib oleaut32.lib uuid.lib odbc32.lib odbccp32.lib /MANIFEST /ManifestFile:"Debug\Inject.exe.intermediate.manifest" /MANIFESTUAC:"level='asInvoker' uiAccess='false'" /DEBUG /PDB:"C:\Users\popcorn\documents\visual studio 2010\Projects\inject\Debug\Inject.pdb" /SUBSYSTEM:WINDOWS /TLBID:1 /DYNAMICBASE /NXCOMPAT /IMPLIB:"C:\Users\popcorn\documents\visual studio 2010\Projects\inject\Debug\Inject.lib" /MACHINE:X86 Debug\Inject.res
         Debug\Inject.exe.embed.manifest.res
         Debug\main.obj
       Manifest:
         C:\Program Files (x86)\Microsoft SDKs\Windows\v7.0A\bin\mt.exe /nologo /verbose /out:"Debug\Inject.exe.embed.manifest" /manifest Debug\Inject.exe.intermediate.manifest
         All outputs are up-to-date.
       LinkEmbedManifest:
         All outputs are up-to-date.
         Inject.vcxproj -> C:\Users\popcorn\documents\visual studio 2010\Projects\inject\Debug\Inject.exe
       FinalizeBuildStatus:
         Deleting file "Debug\Inject.unsuccessfulbuild".
         Touching "Debug\Inject.lastbuildstate".
     1>Done Building Project "C:\Users\popcorn\documents\visual studio 2010\Projects\Inject\Inject\Inject.vcxproj" (build target(s)).

Build succeeded.

Time Elapsed 00:00:00.84
