C:\Users\popcorn\Documents\Visual Studio 2010\Projects\Inject\Inject\Release\cl.command.1.tlog
C:\Users\popcorn\Documents\Visual Studio 2010\Projects\Inject\Inject\Release\CL.read.1.tlog
C:\Users\popcorn\Documents\Visual Studio 2010\Projects\Inject\Inject\Release\CL.write.1.tlog
C:\USERS\POPCORN\DOCUMENTS\VISUAL STUDIO 2010\PROJECTS\INJECT\INJECT\RELEASE\INJECT.EXE.INTERMEDIATE.MANIFEST
C:\USERS\POPCORN\DOCUMENTS\VISUAL STUDIO 2010\PROJECTS\INJECT\INJECT\RELEASE\INJECT.RES
C:\Users\popcorn\Documents\Visual Studio 2010\Projects\Inject\Inject\Release\link.command.1.tlog
C:\Users\popcorn\Documents\Visual Studio 2010\Projects\Inject\Inject\Release\link.read.1.tlog
C:\Users\popcorn\Documents\Visual Studio 2010\Projects\Inject\Inject\Release\link.write.1.tlog
C:\Users\popcorn\Documents\Visual Studio 2010\Projects\Inject\Inject\Release\link-cvtres.read.1.tlog
C:\Users\popcorn\Documents\Visual Studio 2010\Projects\Inject\Inject\Release\link-cvtres.write.1.tlog
C:\USERS\POPCORN\DOCUMENTS\VISUAL STUDIO 2010\PROJECTS\INJECT\INJECT\RELEASE\MAIN.OBJ
C:\Users\popcorn\Documents\Visual Studio 2010\Projects\Inject\Inject\Release\mt.command.1.tlog
C:\Users\popcorn\Documents\Visual Studio 2010\Projects\Inject\Inject\Release\mt.read.1.tlog
C:\Users\popcorn\Documents\Visual Studio 2010\Projects\Inject\Inject\Release\mt.write.1.tlog
C:\Users\popcorn\Documents\Visual Studio 2010\Projects\Inject\Inject\Release\rc.command.1.tlog
C:\Users\popcorn\Documents\Visual Studio 2010\Projects\Inject\Inject\Release\rc.read.1.tlog
C:\Users\popcorn\Documents\Visual Studio 2010\Projects\Inject\Inject\Release\rc.write.1.tlog
C:\USERS\POPCORN\DOCUMENTS\VISUAL STUDIO 2010\PROJECTS\INJECT\INJECT\RELEASE\VC100.PDB
C:\USERS\POPCORN\DOCUMENTS\VISUAL STUDIO 2010\PROJECTS\INJECT\RELEASE\INJECT.EXE
C:\USERS\POPCORN\DOCUMENTS\VISUAL STUDIO 2010\PROJECTS\INJECT\RELEASE\INJECT.PDB
