Build started 1/23/2016 8:47:51 PM.
     1>Project "C:\Users\popcorn\Documents\Visual Studio 2010\Projects\Inject\Inject\Inject.vcxproj" on node 2 (Build target(s)).
     1>ResourceCompile:
         C:\Program Files (x86)\Windows Kits\8.0\bin\x86\rc.exe /D _UNICODE /D UNICODE /l"0x0409" /nologo /fo"Release\Inject.res" Inject.rc 
       Link:
         C:\Program Files (x86)\Microsoft Visual Studio 11.0\VC\bin\link.exe /ERRORREPORT:PROMPT /OUT:"C:\Users\popcorn\Documents\Visual Studio 2010\Projects\Inject\Release\Inject.exe" /INCREMENTAL:NO /NOLOGO kernel32.lib user32.lib gdi32.lib winspool.lib comdlg32.lib advapi32.lib shell32.lib ole32.lib oleaut32.lib uuid.lib odbc32.lib odbccp32.lib /MANIFEST /MANIFESTUAC:"level='asInvoker' uiAccess='false'" /manifest:embed /DEBUG /PDB:"C:\Users\popcorn\Documents\Visual Studio 2010\Projects\Inject\Release\Inject.pdb" /SUBSYSTEM:WINDOWS /OPT:REF /OPT:ICF /LTCG /TLBID:1 /DYNAMICBASE /NXCOMPAT /IMPLIB:"C:\Users\popcorn\Documents\Visual Studio 2010\Projects\Inject\Release\Inject.lib" /MACHINE:X86 /SAFESEH Release\Inject.res
         Release\main.obj
         Generating code
     1>c:\users\popcorn\documents\visual studio 2010\projects\inject\inject\main.cpp(112): warning C4700: uninitialized local variable 'i' used
     1>c:\users\popcorn\documents\visual studio 2010\projects\inject\inject\main.cpp(114): warning C4700: uninitialized local variable 'i' used
     1>c:\users\popcorn\documents\visual studio 2010\projects\inject\inject\main.cpp(150): warning C4700: uninitialized local variable 'i' used
     1>c:\users\popcorn\documents\visual studio 2010\projects\inject\inject\main.cpp(154): warning C4700: uninitialized local variable 'i' used
     1>c:\users\popcorn\documents\visual studio 2010\projects\inject\inject\main.cpp(169): warning C4700: uninitialized local variable 'i' used
     1>c:\users\popcorn\documents\visual studio 2010\projects\inject\inject\main.cpp(175): warning C4700: uninitialized local variable 'i' used
     1>c:\users\popcorn\documents\visual studio 2010\projects\inject\inject\main.cpp(22): warning C4700: uninitialized local variable 'i' used
         Finished generating code
         Inject.vcxproj -> C:\Users\popcorn\Documents\Visual Studio 2010\Projects\Inject\Release\Inject.exe
     1>Done Building Project "C:\Users\popcorn\Documents\Visual Studio 2010\Projects\Inject\Inject\Inject.vcxproj" (Build target(s)).

Build succeeded.

Time Elapsed 00:00:00.78
